<?xml version="1.0" encoding="UTF-8"?>
<!-- Generated by org.testng.reporters.JUnitReportReporter -->
<testsuite skipped="0" hostname="FINLHYDAG451278" name="SignInTest" tests="1" failures="0" timestamp="26 Aug 2018 07:54:31 GMT" time="46.884" errors="0">
  <testcase name="shouldThrowAnErrorIfSignInDetailsAreMissing" time="46.884" classname="SignInTest"/>
</testsuite> <!-- SignInTest -->
