<?xml version="1.0" encoding="UTF-8"?>
<!-- Generated by org.testng.reporters.JUnitReportReporter -->
<testsuite skipped="0" hostname="FINLHYDAG451278" name="com.vagarant.test.tests.SignInTest" tests="1" failures="0" timestamp="29 Aug 2018 21:49:58 GMT" time="35.512" errors="0">
  <testcase name="Login" time="35.512" classname="com.vagarant.test.tests.SignInTest"/>
</testsuite> <!-- com.vagarant.test.tests.SignInTest -->
