<?xml version="1.0" encoding="UTF-8"?>
<!-- Generated by org.testng.reporters.JUnitReportReporter -->
<testsuite skipped="0" hostname="FINLHYDAG451278" name="com.vagarant.test.tests.FlightBookingTest" tests="1" failures="0" timestamp="29 Aug 2018 21:09:21 GMT" time="25.012" errors="0">
  <testcase name="testThatResultsAppearForAOneWayJourney" time="25.012" classname="com.vagarant.test.tests.FlightBookingTest"/>
</testsuite> <!-- com.vagarant.test.tests.FlightBookingTest -->
