<?xml version="1.0" encoding="UTF-8"?>
<!-- Generated by org.testng.reporters.JUnitReportReporter -->
<testsuite skipped="0" hostname="FINLHYDAG451278" name="com.vagarant.test.tests.HotelBookingTest" tests="1" failures="0" timestamp="29 Aug 2018 18:04:56 GMT" time="45.734" errors="0">
  <testcase name="SearchingHotels" time="45.734" classname="com.vagarant.test.tests.HotelBookingTest"/>
</testsuite> <!-- com.vagarant.test.tests.HotelBookingTest -->
