<?xml version="1.0" encoding="UTF-8"?>
<!-- Generated by org.testng.reporters.JUnitReportReporter -->
<testsuite skipped="0" hostname="FINLHYDAG451278" name="com.vagarant.test.tests.SignInTest" tests="1" failures="0" timestamp="29 Aug 2018 10:51:42 GMT" time="43.238" errors="0">
  <testcase name="Login" time="43.238" classname="com.vagarant.test.tests.SignInTest"/>
</testsuite> <!-- com.vagarant.test.tests.SignInTest -->
